20:00:00|0|0.0|0.0
20:01:00|0|0.0|0.0
20:02:00|0|0.0|0.0
20:03:00|0|0.0|0.0
20:04:00|0|0.0|0.0
20:05:00|0|0.0|0.0
20:06:00|0|0.0|0.0
20:07:00|1.3637730773637522|2225.5400186383667|0.6127829946630832|irr is 59.92356961502993|temp is15.805
20:08:00|10.769860091664079|2218.1148209521234|4.85541144666313|irr is 469.65759205317113|temp is20.39467357169903
20:09:00|15.556109727958052|2104.182391678478|7.392947393476263|irr is 709.6160885880267|temp is25.32
20:10:00|17.680967957712895|2012.08880587139|8.787369576391868|irr is 838.8142529433969|temp is30.245326428300974
20:11:00|18.56357113426853|1939.6398997515826|9.570627587443441|irr is 909.7771877990709|temp is34.834999999999994
20:12:00|18.80252581607901|1884.989013940376|9.97487289157949|irr is 945.2849740387278|temp is38.77624204598
20:13:00|18.674078550246936|1848.3379030655306|10.103173515662558|irr is 955.497175945671|temp is41.80046343401787
20:14:00|18.280025918747153|1831.143578519659|9.982846857658846|irr is 943.2477991662224|temp is43.70156847428097
20:15:00|17.579707573702546|1835.7791277031174|9.5761561445019|irr is 905.1219440440526|temp is44.35
20:16:00|16.35510568777606|1865.596381843552|8.766690291076898|irr is 830.1261300858393|temp is43.701568474280975
20:17:00|13.620059820929425|1866.0914432447667|7.298709755212647|irr is 693.7309794055237|temp is41.800463434017864
20:18:00|8.926433546267258|1945.3604390938708|4.588575652553673|irr is 439.0910849504336|temp is38.77624204598
20:19:00|0.608440567870909|1873.9696694371523|0.32468005101366154|irr is 31.39241324485066|temp is34.83500000000001
20:20:00|0|0.0|0.0
20:21:00|0|0.0|0.0
20:22:00|0|0.0|0.0
20:23:00|0|0.0|0.0
21:00:00|0|0.0|0.0
